<!DOCTYPE html>
<html>
<head>
<meta charset="UTF-8"/><style>
table {border: medium solid #6495ed;border-collapse: collapse;width: 100%;} th{font-family: monospace;border: thin solid #6495ed;padding: 5px;background-color: #D0E3FA;}td{font-family: sans-serif;border: thin solid #6495ed;padding: 5px;text-align: center;}.odd{background:#e8edff;}img{padding:5px; border:solid; border-color: #dddddd #aaaaaa #aaaaaa #dddddd; border-width: 1px 2px 2px 1px; background-color:white;}</style>
</head>
<body>
<table><tr><th colspan="1">EXPLAIN SELECT COUNT(*) FROM geochrono.Milion INNER JOIN geochrono.GeoTabela ON
(mod(Milion.liczba,68)=(GeoTabela.id_pietro))</th></tr><tr><th>QUERY PLAN</th></tr><tr class="odd"><td>Finalize Aggregate  (cost=14664.16..14664.17 rows=1 width=8)</td></tr>
<tr><td>  -&amp;gt;  Gather  (cost=14663.95..14664.16 rows=2 width=8)</td></tr>
<tr class="odd"><td>        Workers Planned: 2</td></tr>
<tr><td>        -&amp;gt;  Partial Aggregate  (cost=13663.95..13663.96 rows=1 width=8)</td></tr>
<tr class="odd"><td>              -&amp;gt;  Hash Join  (cost=2.73..13262.90 rows=160417 width=0)</td></tr>
<tr><td>                    Hash Cond: (mod(milion.liczba, 68) = geotabela.id_pietro)</td></tr>
<tr class="odd"><td>                    -&amp;gt;  Parallel Seq Scan on milion  (cost=0.00..9572.67 rows=416667 width=4)</td></tr>
<tr><td>                    -&amp;gt;  Hash  (cost=1.77..1.77 rows=77 width=4)</td></tr>
<tr class="odd"><td>                          -&amp;gt;  Seq Scan on geotabela  (cost=0.00..1.77 rows=77 width=4)</td></tr>
</table></body></html>