<!DOCTYPE html>
<html>
<head>
<meta charset="UTF-8"/><style>
table {border: medium solid #6495ed;border-collapse: collapse;width: 100%;} th{font-family: monospace;border: thin solid #6495ed;padding: 5px;background-color: #D0E3FA;}td{font-family: sans-serif;border: thin solid #6495ed;padding: 5px;text-align: center;}.odd{background:#e8edff;}img{padding:5px; border:solid; border-color: #dddddd #aaaaaa #aaaaaa #dddddd; border-width: 1px 2px 2px 1px; background-color:white;}</style>
</head>
<body>
<table><tr><th colspan="1">EXPLAIN SELECT COUNT(*) FROM geochrono.Milion WHERE mod(Milion.liczba,68)=
(SELECT id_pietro FROM geochrono.GeoTabela
WHERE mod(Milion.liczba,68)=(id_pietro))</th></tr><tr><th>QUERY PLAN</th></tr><tr class="odd"><td>Aggregate  (cost=2175418.50..2175418.51 rows=1 width=8)</td></tr>
<tr><td>  -&amp;gt;  Seq Scan on milion  (cost=0.00..2175406.00 rows=5000 width=0)</td></tr>
<tr class="odd"><td>        Filter: (mod(liczba, 68) = (SubPlan 1))</td></tr>
<tr><td>        SubPlan 1</td></tr>
<tr class="odd"><td>          -&amp;gt;  Seq Scan on geotabela  (cost=0.00..2.16 rows=1 width=4)</td></tr>
<tr><td>                Filter: (mod(milion.liczba, 68) = id_pietro)</td></tr>
<tr class="odd"><td>JIT:</td></tr>
<tr><td>  Functions: 10</td></tr>
<tr class="odd"><td>  Options: Inlining true, Optimization true, Expressions true, Deforming true</td></tr>
</table></body></html>